D:\developer\windows\iTunesABI\\bin\iAuthRS.exe
D:\developer\windows\iTunesABI\\bin\iAuthRS.pdb
D:\DEVELOPER\WINDOWS\ITUNESABI\BIN\IAUTHRS.EXE
D:\DEVELOPER\WINDOWS\ITUNESABI\BIN\IAUTHRS.PDB
D:\DEVELOPER\WINDOWS\ITUNESABI\IAUTHRS\RELEASE\APPLE_DEVICE_AUTH.OBJ
D:\DEVELOPER\WINDOWS\ITUNESABI\IAUTHRS\RELEASE\APPLE_IMPORT.OBJ
D:\DEVELOPER\WINDOWS\ITUNESABI\IAUTHRS\RELEASE\APPLE_REMOTE_AUTH.OBJ
D:\DEVELOPER\WINDOWS\ITUNESABI\IAUTHRS\RELEASE\APPLE_SSL.OBJ
D:\developer\windows\iTunesABI\iAuthRS\Release\cl.command.1.tlog
D:\developer\windows\iTunesABI\iAuthRS\Release\CL.read.1.tlog
D:\developer\windows\iTunesABI\iAuthRS\Release\CL.write.1.tlog
D:\DEVELOPER\WINDOWS\ITUNESABI\IAUTHRS\RELEASE\DIRECTORY.OBJ
D:\DEVELOPER\WINDOWS\ITUNESABI\IAUTHRS\RELEASE\IAUTHRS.EXE.INTERMEDIATE.MANIFEST
D:\DEVELOPER\WINDOWS\ITUNESABI\IAUTHRS\RELEASE\IAUTHRS.OBJ
D:\developer\windows\iTunesABI\iAuthRS\Release\iAuthRS.write.1.tlog
D:\DEVELOPER\WINDOWS\ITUNESABI\IAUTHRS\RELEASE\ITUNES_ABI.OBJ
D:\DEVELOPER\WINDOWS\ITUNESABI\IAUTHRS\RELEASE\ITUNES_INTERNAL_ABI.OBJ
D:\DEVELOPER\WINDOWS\ITUNESABI\IAUTHRS\RELEASE\ITUNES_MODULE.OBJ
D:\DEVELOPER\WINDOWS\ITUNESABI\IAUTHRS\RELEASE\ITUNESINTERFACE.OBJ
D:\developer\windows\iTunesABI\iAuthRS\Release\link.command.1.tlog
D:\developer\windows\iTunesABI\iAuthRS\Release\link.read.1.tlog
D:\developer\windows\iTunesABI\iAuthRS\Release\link.write.1.tlog
D:\DEVELOPER\WINDOWS\ITUNESABI\IAUTHRS\RELEASE\LOGGING.OBJ
D:\developer\windows\iTunesABI\iAuthRS\Release\mt.command.1.tlog
D:\developer\windows\iTunesABI\iAuthRS\Release\mt.read.1.tlog
D:\developer\windows\iTunesABI\iAuthRS\Release\mt.write.1.tlog
D:\DEVELOPER\WINDOWS\ITUNESABI\IAUTHRS\RELEASE\PATH.OBJ
D:\DEVELOPER\WINDOWS\ITUNESABI\IAUTHRS\RELEASE\STDAFX.OBJ
D:\DEVELOPER\WINDOWS\ITUNESABI\IAUTHRS\RELEASE\STRING_CASE.OBJ
D:\DEVELOPER\WINDOWS\ITUNESABI\IAUTHRS\RELEASE\STRING_CONV.OBJ
D:\DEVELOPER\WINDOWS\ITUNESABI\IAUTHRS\RELEASE\STRING_SPLIT.OBJ
D:\DEVELOPER\WINDOWS\ITUNESABI\IAUTHRS\RELEASE\SYNC.OBJ
D:\DEVELOPER\WINDOWS\ITUNESABI\IAUTHRS\RELEASE\UNIVERSAL.OBJ
D:\DEVELOPER\WINDOWS\ITUNESABI\IAUTHRS\RELEASE\URLS_CONV.OBJ
D:\DEVELOPER\WINDOWS\ITUNESABI\IAUTHRS\RELEASE\VC100.PDB
D:\DEVELOPER\WINDOWS\ITUNESABI\IAUTHRS\RELEASE\WINDOWS_HARDWARE.OBJ
D:\DEVELOPER\WINDOWS\ITUNESABI\IAUTHRS\RELEASE\WINDOWS_PROCESS.OBJ
D:\DEVELOPER\WINDOWS\ITUNESABI\IAUTHRS\RELEASE\WINDOWS_VERSION.OBJ
