D:\developer\windows\iTunesABI\\bin\iAuthRS.exe
D:\developer\windows\iTunesABI\\bin\iAuthRS.ilk
D:\developer\windows\iTunesABI\\bin\iAuthRS.pdb
D:\DEVELOPER\WINDOWS\ITUNESABI\BIN\IAUTHRS.EXE
D:\DEVELOPER\WINDOWS\ITUNESABI\BIN\IAUTHRS.ILK
D:\DEVELOPER\WINDOWS\ITUNESABI\BIN\IAUTHRS.PDB
D:\DEVELOPER\WINDOWS\ITUNESABI\IAUTHRS\DEBUG\APPLE_DEVICE_AUTH.OBJ
D:\DEVELOPER\WINDOWS\ITUNESABI\IAUTHRS\DEBUG\APPLE_IMPORT.OBJ
D:\DEVELOPER\WINDOWS\ITUNESABI\IAUTHRS\DEBUG\APPLE_REMOTE_AUTH.OBJ
D:\DEVELOPER\WINDOWS\ITUNESABI\IAUTHRS\DEBUG\APPLE_SSL.OBJ
D:\developer\windows\iTunesABI\iAuthRS\Debug\cl.command.1.tlog
D:\developer\windows\iTunesABI\iAuthRS\Debug\CL.read.1.tlog
D:\developer\windows\iTunesABI\iAuthRS\Debug\CL.write.1.tlog
D:\DEVELOPER\WINDOWS\ITUNESABI\IAUTHRS\DEBUG\DIRECTORY.OBJ
D:\DEVELOPER\WINDOWS\ITUNESABI\IAUTHRS\DEBUG\IAUTHRS.EXE.EMBED.MANIFEST
D:\DEVELOPER\WINDOWS\ITUNESABI\IAUTHRS\DEBUG\IAUTHRS.EXE.EMBED.MANIFEST.RES
D:\DEVELOPER\WINDOWS\ITUNESABI\IAUTHRS\DEBUG\IAUTHRS.EXE.INTERMEDIATE.MANIFEST
D:\DEVELOPER\WINDOWS\ITUNESABI\IAUTHRS\DEBUG\IAUTHRS.OBJ
D:\developer\windows\iTunesABI\iAuthRS\Debug\iAuthRS.write.1.tlog
D:\developer\windows\iTunesABI\iAuthRS\Debug\iAuthRS_manifest.rc
D:\DEVELOPER\WINDOWS\ITUNESABI\IAUTHRS\DEBUG\ITUNES_ABI.OBJ
D:\DEVELOPER\WINDOWS\ITUNESABI\IAUTHRS\DEBUG\ITUNES_INTERNAL_ABI.OBJ
D:\DEVELOPER\WINDOWS\ITUNESABI\IAUTHRS\DEBUG\ITUNES_MODULE.OBJ
D:\DEVELOPER\WINDOWS\ITUNESABI\IAUTHRS\DEBUG\ITUNESINTERFACE.OBJ
D:\developer\windows\iTunesABI\iAuthRS\Debug\link.6276.read.1.tlog
D:\developer\windows\iTunesABI\iAuthRS\Debug\link.6276.read.2.tlog
D:\developer\windows\iTunesABI\iAuthRS\Debug\link.6276.write.1.tlog
D:\developer\windows\iTunesABI\iAuthRS\Debug\link.6276-cvtres.read.1.tlog
D:\developer\windows\iTunesABI\iAuthRS\Debug\link.6276-cvtres.write.1.tlog
D:\developer\windows\iTunesABI\iAuthRS\Debug\link.command.1.tlog
D:\developer\windows\iTunesABI\iAuthRS\Debug\link.read.1.tlog
D:\developer\windows\iTunesABI\iAuthRS\Debug\link.read.2.tlog
D:\developer\windows\iTunesABI\iAuthRS\Debug\link.write.1.tlog
D:\developer\windows\iTunesABI\iAuthRS\Debug\link-cvtres.read.1.tlog
D:\developer\windows\iTunesABI\iAuthRS\Debug\link-cvtres.write.1.tlog
D:\DEVELOPER\WINDOWS\ITUNESABI\IAUTHRS\DEBUG\LOGGING.OBJ
D:\developer\windows\iTunesABI\iAuthRS\Debug\mt.command.1.tlog
D:\developer\windows\iTunesABI\iAuthRS\Debug\mt.read.1.tlog
D:\developer\windows\iTunesABI\iAuthRS\Debug\mt.write.1.tlog
D:\DEVELOPER\WINDOWS\ITUNESABI\IAUTHRS\DEBUG\PATH.OBJ
D:\developer\windows\iTunesABI\iAuthRS\Debug\rc.command.1.tlog
D:\developer\windows\iTunesABI\iAuthRS\Debug\rc.read.1.tlog
D:\developer\windows\iTunesABI\iAuthRS\Debug\rc.write.1.tlog
D:\DEVELOPER\WINDOWS\ITUNESABI\IAUTHRS\DEBUG\STDAFX.OBJ
D:\DEVELOPER\WINDOWS\ITUNESABI\IAUTHRS\DEBUG\STRING_CASE.OBJ
D:\DEVELOPER\WINDOWS\ITUNESABI\IAUTHRS\DEBUG\STRING_CONV.OBJ
D:\DEVELOPER\WINDOWS\ITUNESABI\IAUTHRS\DEBUG\STRING_SPLIT.OBJ
D:\DEVELOPER\WINDOWS\ITUNESABI\IAUTHRS\DEBUG\SYNC.OBJ
D:\DEVELOPER\WINDOWS\ITUNESABI\IAUTHRS\DEBUG\UNIVERSAL.OBJ
D:\DEVELOPER\WINDOWS\ITUNESABI\IAUTHRS\DEBUG\URLS_CONV.OBJ
D:\developer\windows\iTunesABI\iAuthRS\Debug\vc100.idb
D:\DEVELOPER\WINDOWS\ITUNESABI\IAUTHRS\DEBUG\VC100.PDB
D:\DEVELOPER\WINDOWS\ITUNESABI\IAUTHRS\DEBUG\WINDOWS_HARDWARE.OBJ
D:\DEVELOPER\WINDOWS\ITUNESABI\IAUTHRS\DEBUG\WINDOWS_PROCESS.OBJ
D:\DEVELOPER\WINDOWS\ITUNESABI\IAUTHRS\DEBUG\WINDOWS_VERSION.OBJ
