C:\Program Files (x86)\Microsoft Visual Studio\2019\Enterprise\MSBuild\Microsoft\VC\v160\Microsoft.CppBuild.targets(1091,5): warning MSB8027: 名为 string_conv.cc 的两个或更多文件将生成到同一位置的输出。这会导致错误的生成结果。   调用的文件是 ..\ABI\base\string\string_conv.cc, ..\smartbot\base\string\string_conv.cc。
C:\Program Files (x86)\Microsoft Visual Studio\2019\Enterprise\MSBuild\Microsoft\VC\v160\Microsoft.CppBuild.targets(1091,5): warning MSB8027: 名为 logging.cc 的两个或更多文件将生成到同一位置的输出。这会导致错误的生成结果。   调用的文件是 ..\ABI\thirdparty\glog\logging.cc, ..\smartbot\thirdparty\glog\logging.cc。
  apple_remote_auth.cc
D:\zhoujunhe\aid\ABI\ios_authorize\apple_mobile_device_ex.h(99,1): warning C4311: “类型强制转换”: 从“__int64 *”到“DWORD”的指针截断
D:\zhoujunhe\aid\ABI\ios_authorize\apple_mobile_device_ex.h(99,1): warning C4302: “类型强制转换”: 从“__int64 *”到“DWORD”截断
D:\zhoujunhe\aid\ABI\ios_authorize\apple_mobile_device_ex.h(99,1): warning C4312: “类型强制转换”: 从“DWORD”转换到更大的“PVOID”
D:\zhoujunhe\aid\ABI\ios_authorize\apple_remote_auth.cc(62,61): warning C4267: “参数”: 从“size_t”转换到“int”，可能丢失数据
D:\zhoujunhe\aid\ABI\ios_authorize\apple_remote_auth.cc(96,149): warning C4267: “参数”: 从“size_t”转换到“int”，可能丢失数据
  apple_device_auth.cc
D:\zhoujunhe\aid\ABI\ios_authorize\apple_mobile_device_ex.h(99,1): warning C4311: “类型强制转换”: 从“__int64 *”到“DWORD”的指针截断
D:\zhoujunhe\aid\ABI\ios_authorize\apple_mobile_device_ex.h(99,1): warning C4302: “类型强制转换”: 从“__int64 *”到“DWORD”截断
D:\zhoujunhe\aid\ABI\ios_authorize\apple_mobile_device_ex.h(99,1): warning C4312: “类型强制转换”: 从“DWORD”转换到更大的“PVOID”
D:\zhoujunhe\aid\ABI\ios_authorize\apple_device_auth.cc(49,145): warning C4267: “参数”: 从“size_t”转换到“int”，可能丢失数据
D:\zhoujunhe\aid\ABI\ios_authorize\apple_device_auth.cc(51,32): warning C4267: “参数”: 从“size_t”转换到“unsigned long”，可能丢失数据
D:\zhoujunhe\aid\ABI\ios_authorize\apple_device_auth.cc(148,4): warning C4996: 'strncpy': This function or variable may be unsafe. Consider using strncpy_s instead. To disable deprecation, use _CRT_SECURE_NO_WARNINGS. See online help for details.
  Universal.cpp
D:\zhoujunhe\aid\ABI\ios_authorize\Universal.cpp(14,48): warning C4312: “类型强制转换”: 从“unsigned long”转换到更大的“void *”
D:\zhoujunhe\aid\ABI\ios_authorize\Universal.cpp(19,36): warning C4311: “类型强制转换”: 从“void *”到“int”的指针截断
D:\zhoujunhe\aid\ABI\ios_authorize\Universal.cpp(19,36): warning C4302: “类型强制转换”: 从“void *”到“int”截断
D:\zhoujunhe\aid\ABI\ios_authorize\Universal.cpp(19,36): warning C4311: “类型强制转换”: 从“char *”到“int”的指针截断
D:\zhoujunhe\aid\ABI\ios_authorize\Universal.cpp(19,36): warning C4302: “类型强制转换”: 从“char *”到“int”截断
D:\zhoujunhe\aid\ABI\ios_authorize\Universal.cpp(24,48): warning C4312: “类型强制转换”: 从“unsigned long”转换到更大的“void *”
D:\zhoujunhe\aid\ABI\ios_authorize\Universal.cpp(11,8): warning C4101: “NumberOfBytesWritten”: 未引用的局部变量
  itunes_abi.cc
D:\zhoujunhe\aid\ABI\itunes_reverse\itunes_abi.cc(18,87): warning C4311: “reinterpret_cast”: 从“unsigned char *”到“DWORD”的指针截断
D:\zhoujunhe\aid\ABI\itunes_reverse\itunes_abi.cc(18,87): warning C4302: “reinterpret_cast”: 从“unsigned char *”到“DWORD”截断
D:\zhoujunhe\aid\ABI\itunes_reverse\itunes_abi.cc(18,88): warning C4312: “类型强制转换”: 从“DWORD”转换到更大的“IMAGE_DOS_HEADER *”
D:\zhoujunhe\aid\ABI\itunes_reverse\itunes_abi.cc(19,88): warning C4311: “reinterpret_cast”: 从“unsigned char *”到“DWORD”的指针截断
D:\zhoujunhe\aid\ABI\itunes_reverse\itunes_abi.cc(19,88): warning C4302: “reinterpret_cast”: 从“unsigned char *”到“DWORD”截断
D:\zhoujunhe\aid\ABI\itunes_reverse\itunes_abi.cc(19,111): warning C4312: “类型强制转换”: 从“unsigned long”转换到更大的“IMAGE_NT_HEADERS *”
D:\zhoujunhe\aid\ABI\itunes_reverse\itunes_abi.cc(46,57): warning C4311: “reinterpret_cast”: 从“unsigned char *”到“unsigned long”的指针截断
D:\zhoujunhe\aid\ABI\itunes_reverse\itunes_abi.cc(46,57): warning C4302: “reinterpret_cast”: 从“unsigned char *”到“unsigned long”截断
D:\zhoujunhe\aid\ABI\itunes_reverse\itunes_abi.cc(39,6): warning C4996: 'sscanf': This function or variable may be unsafe. Consider using sscanf_s instead. To disable deprecation, use _CRT_SECURE_NO_WARNINGS. See online help for details.
  remote_auth_request_impl.cc
D:\zhoujunhe\aid\ABI\ios_authorize\apple_mobile_device_ex.h(99,1): warning C4311: “类型强制转换”: 从“__int64 *”到“DWORD”的指针截断
D:\zhoujunhe\aid\ABI\ios_authorize\apple_mobile_device_ex.h(99,1): warning C4302: “类型强制转换”: 从“__int64 *”到“DWORD”截断
D:\zhoujunhe\aid\ABI\ios_authorize\apple_mobile_device_ex.h(99,1): warning C4312: “类型强制转换”: 从“DWORD”转换到更大的“PVOID”
  atl_dll_main.cc
D:\zhoujunhe\aid\ABI\libiconv\include\iconv.h(1,1): warning C4819: 该文件包含不能在当前代码页(936)中表示的字符。请将该文件保存为 Unicode 格式以防止数据丢失
  正在生成代码...
x64\Debug\string_conv.obj : warning LNK4042: 对象被多次指定；已忽略多余的指定
x64\Debug\logging.obj : warning LNK4042: 对象被多次指定；已忽略多余的指定
    正在创建库 D:\zhoujunhe\aid\Debug\lib\aiddll.lib 和对象 D:\zhoujunhe\aid\Debug\lib\aiddll.exp
string_split.obj : error LNK2019: 无法解析的外部符号 MD5_Init，函数 "class std::basic_string<char,struct std::char_traits<char>,class std::allocator<char> > __cdecl ABI::base::Md5(void const *,unsigned __int64,unsigned __int64)" (?Md5@base@ABI@@YA?AV?$basic_string@DU?$char_traits@D@std@@V?$allocator@D@2@@std@@PEBX_K1@Z) 中引用了该符号
itunes_client_interface.obj : error LNK2001: 无法解析的外部符号 MD5_Init
string_split.obj : error LNK2019: 无法解析的外部符号 MD5_Update，函数 "class std::basic_string<char,struct std::char_traits<char>,class std::allocator<char> > __cdecl ABI::base::Md5(void const *,unsigned __int64,unsigned __int64)" (?Md5@base@ABI@@YA?AV?$basic_string@DU?$char_traits@D@std@@V?$allocator@D@2@@std@@PEBX_K1@Z) 中引用了该符号
itunes_client_interface.obj : error LNK2001: 无法解析的外部符号 MD5_Update
string_split.obj : error LNK2019: 无法解析的外部符号 MD5_Final，函数 "class std::basic_string<char,struct std::char_traits<char>,class std::allocator<char> > __cdecl ABI::base::Md5(void const *,unsigned __int64,unsigned __int64)" (?Md5@base@ABI@@YA?AV?$basic_string@DU?$char_traits@D@std@@V?$allocator@D@2@@std@@PEBX_K1@Z) 中引用了该符号
itunes_client_interface.obj : error LNK2001: 无法解析的外部符号 MD5_Final
http_upload.obj : error LNK2019: 无法解析的外部符号 __imp_InternetCrackUrlW，函数 "public: static bool __cdecl google_breakpad::HTTPUpload::SendRequest(class std::basic_string<wchar_t,struct std::char_traits<wchar_t>,class std::allocator<wchar_t> > const &,class std::map<class std::basic_string<wchar_t,struct std::char_traits<wchar_t>,class std::allocator<wchar_t> >,class std::basic_string<wchar_t,struct std::char_traits<wchar_t>,class std::allocator<wchar_t> >,struct std::less<class std::basic_string<wchar_t,struct std::char_traits<wchar_t>,class std::allocator<wchar_t> > >,class std::allocator<struct std::pair<class std::basic_string<wchar_t,struct std::char_traits<wchar_t>,class std::allocator<wchar_t> > const ,class std::basic_string<wchar_t,struct std::char_traits<wchar_t>,class std::allocator<wchar_t> > > > > const &,class std::basic_string<wchar_t,struct std::char_traits<wchar_t>,class std::allocator<wchar_t> > const &,class std::basic_string<wchar_t,struct std::char_traits<wchar_t>,class std::allocator<wchar_t> > const &,int *,class std::basic_string<wchar_t,struct std::char_traits<wchar_t>,class std::allocator<wchar_t> > *,int *)" (?SendRequest@HTTPUpload@google_breakpad@@SA_NAEBV?$basic_string@_WU?$char_traits@_W@std@@V?$allocator@_W@2@@std@@AEBV?$map@V?$basic_string@_WU?$char_traits@_W@std@@V?$allocator@_W@2@@std@@V12@U?$less@V?$basic_string@_WU?$char_traits@_W@std@@V?$allocator@_W@2@@std@@@2@V?$allocator@U?$pair@$$CBV?$basic_string@_WU?$char_traits@_W@std@@V?$allocator@_W@2@@std@@V12@@std@@@2@@4@00PEAHPEAV34@2@Z) 中引用了该符号
http_upload.obj : error LNK2019: 无法解析的外部符号 __imp_InternetOpenW，函数 "public: static bool __cdecl google_breakpad::HTTPUpload::SendRequest(class std::basic_string<wchar_t,struct std::char_traits<wchar_t>,class std::allocator<wchar_t> > const &,class std::map<class std::basic_string<wchar_t,struct std::char_traits<wchar_t>,class std::allocator<wchar_t> >,class std::basic_string<wchar_t,struct std::char_traits<wchar_t>,class std::allocator<wchar_t> >,struct std::less<class std::basic_string<wchar_t,struct std::char_traits<wchar_t>,class std::allocator<wchar_t> > >,class std::allocator<struct std::pair<class std::basic_string<wchar_t,struct std::char_traits<wchar_t>,class std::allocator<wchar_t> > const ,class std::basic_string<wchar_t,struct std::char_traits<wchar_t>,class std::allocator<wchar_t> > > > > const &,class std::basic_string<wchar_t,struct std::char_traits<wchar_t>,class std::allocator<wchar_t> > const &,class std::basic_string<wchar_t,struct std::char_traits<wchar_t>,class std::allocator<wchar_t> > const &,int *,class std::basic_string<wchar_t,struct std::char_traits<wchar_t>,class std::allocator<wchar_t> > *,int *)" (?SendRequest@HTTPUpload@google_breakpad@@SA_NAEBV?$basic_string@_WU?$char_traits@_W@std@@V?$allocator@_W@2@@std@@AEBV?$map@V?$basic_string@_WU?$char_traits@_W@std@@V?$allocator@_W@2@@std@@V12@U?$less@V?$basic_string@_WU?$char_traits@_W@std@@V?$allocator@_W@2@@std@@@2@V?$allocator@U?$pair@$$CBV?$basic_string@_WU?$char_traits@_W@std@@V?$allocator@_W@2@@std@@V12@@std@@@2@@4@00PEAHPEAV34@2@Z) 中引用了该符号
http_upload.obj : error LNK2019: 无法解析的外部符号 __imp_InternetCloseHandle，函数 "public: __cdecl google_breakpad::HTTPUpload::AutoInternetHandle::~AutoInternetHandle(void)" (??1AutoInternetHandle@HTTPUpload@google_breakpad@@QEAA@XZ) 中引用了该符号
http_upload.obj : error LNK2019: 无法解析的外部符号 __imp_InternetConnectW，函数 "public: static bool __cdecl google_breakpad::HTTPUpload::SendRequest(class std::basic_string<wchar_t,struct std::char_traits<wchar_t>,class std::allocator<wchar_t> > const &,class std::map<class std::basic_string<wchar_t,struct std::char_traits<wchar_t>,class std::allocator<wchar_t> >,class std::basic_string<wchar_t,struct std::char_traits<wchar_t>,class std::allocator<wchar_t> >,struct std::less<class std::basic_string<wchar_t,struct std::char_traits<wchar_t>,class std::allocator<wchar_t> > >,class std::allocator<struct std::pair<class std::basic_string<wchar_t,struct std::char_traits<wchar_t>,class std::allocator<wchar_t> > const ,class std::basic_string<wchar_t,struct std::char_traits<wchar_t>,class std::allocator<wchar_t> > > > > const &,class std::basic_string<wchar_t,struct std::char_traits<wchar_t>,class std::allocator<wchar_t> > const &,class std::basic_string<wchar_t,struct std::char_traits<wchar_t>,class std::allocator<wchar_t> > const &,int *,class std::basic_string<wchar_t,struct std::char_traits<wchar_t>,class std::allocator<wchar_t> > *,int *)" (?SendRequest@HTTPUpload@google_breakpad@@SA_NAEBV?$basic_string@_WU?$char_traits@_W@std@@V?$allocator@_W@2@@std@@AEBV?$map@V?$basic_string@_WU?$char_traits@_W@std@@V?$allocator@_W@2@@std@@V12@U?$less@V?$basic_string@_WU?$char_traits@_W@std@@V?$allocator@_W@2@@std@@@2@V?$allocator@U?$pair@$$CBV?$basic_string@_WU?$char_traits@_W@std@@V?$allocator@_W@2@@std@@V12@@std@@@2@@4@00PEAHPEAV34@2@Z) 中引用了该符号
http_upload.obj : error LNK2019: 无法解析的外部符号 __imp_InternetReadFile，函数 "private: static bool __cdecl google_breakpad::HTTPUpload::ReadResponse(void *,class std::basic_string<wchar_t,struct std::char_traits<wchar_t>,class std::allocator<wchar_t> > *)" (?ReadResponse@HTTPUpload@google_breakpad@@CA_NPEAXPEAV?$basic_string@_WU?$char_traits@_W@std@@V?$allocator@_W@2@@std@@@Z) 中引用了该符号
http_upload.obj : error LNK2019: 无法解析的外部符号 __imp_InternetQueryDataAvailable，函数 "private: static bool __cdecl google_breakpad::HTTPUpload::ReadResponse(void *,class std::basic_string<wchar_t,struct std::char_traits<wchar_t>,class std::allocator<wchar_t> > *)" (?ReadResponse@HTTPUpload@google_breakpad@@CA_NPEAXPEAV?$basic_string@_WU?$char_traits@_W@std@@V?$allocator@_W@2@@std@@@Z) 中引用了该符号
http_upload.obj : error LNK2019: 无法解析的外部符号 __imp_InternetSetOptionW，函数 "public: static bool __cdecl google_breakpad::HTTPUpload::SendRequest(class std::basic_string<wchar_t,struct std::char_traits<wchar_t>,class std::allocator<wchar_t> > const &,class std::map<class std::basic_string<wchar_t,struct std::char_traits<wchar_t>,class std::allocator<wchar_t> >,class std::basic_string<wchar_t,struct std::char_traits<wchar_t>,class std::allocator<wchar_t> >,struct std::less<class std::basic_string<wchar_t,struct std::char_traits<wchar_t>,class std::allocator<wchar_t> > >,class std::allocator<struct std::pair<class std::basic_string<wchar_t,struct std::char_traits<wchar_t>,class std::allocator<wchar_t> > const ,class std::basic_string<wchar_t,struct std::char_traits<wchar_t>,class std::allocator<wchar_t> > > > > const &,class std::basic_string<wchar_t,struct std::char_traits<wchar_t>,class std::allocator<wchar_t> > const &,class std::basic_string<wchar_t,struct std::char_traits<wchar_t>,class std::allocator<wchar_t> > const &,int *,class std::basic_string<wchar_t,struct std::char_traits<wchar_t>,class std::allocator<wchar_t> > *,int *)" (?SendRequest@HTTPUpload@google_breakpad@@SA_NAEBV?$basic_string@_WU?$char_traits@_W@std@@V?$allocator@_W@2@@std@@AEBV?$map@V?$basic_string@_WU?$char_traits@_W@std@@V?$allocator@_W@2@@std@@V12@U?$less@V?$basic_string@_WU?$char_traits@_W@std@@V?$allocator@_W@2@@std@@@2@V?$allocator@U?$pair@$$CBV?$basic_string@_WU?$char_traits@_W@std@@V?$allocator@_W@2@@std@@V12@@std@@@2@@4@00PEAHPEAV34@2@Z) 中引用了该符号
http_upload.obj : error LNK2019: 无法解析的外部符号 __imp_HttpOpenRequestW，函数 "public: static bool __cdecl google_breakpad::HTTPUpload::SendRequest(class std::basic_string<wchar_t,struct std::char_traits<wchar_t>,class std::allocator<wchar_t> > const &,class std::map<class std::basic_string<wchar_t,struct std::char_traits<wchar_t>,class std::allocator<wchar_t> >,class std::basic_string<wchar_t,struct std::char_traits<wchar_t>,class std::allocator<wchar_t> >,struct std::less<class std::basic_string<wchar_t,struct std::char_traits<wchar_t>,class std::allocator<wchar_t> > >,class std::allocator<struct std::pair<class std::basic_string<wchar_t,struct std::char_traits<wchar_t>,class std::allocator<wchar_t> > const ,class std::basic_string<wchar_t,struct std::char_traits<wchar_t>,class std::allocator<wchar_t> > > > > const &,class std::basic_string<wchar_t,struct std::char_traits<wchar_t>,class std::allocator<wchar_t> > const &,class std::basic_string<wchar_t,struct std::char_traits<wchar_t>,class std::allocator<wchar_t> > const &,int *,class std::basic_string<wchar_t,struct std::char_traits<wchar_t>,class std::allocator<wchar_t> > *,int *)" (?SendRequest@HTTPUpload@google_breakpad@@SA_NAEBV?$basic_string@_WU?$char_traits@_W@std@@V?$allocator@_W@2@@std@@AEBV?$map@V?$basic_string@_WU?$char_traits@_W@std@@V?$allocator@_W@2@@std@@V12@U?$less@V?$basic_string@_WU?$char_traits@_W@std@@V?$allocator@_W@2@@std@@@2@V?$allocator@U?$pair@$$CBV?$basic_string@_WU?$char_traits@_W@std@@V?$allocator@_W@2@@std@@V12@@std@@@2@@4@00PEAHPEAV34@2@Z) 中引用了该符号
http_upload.obj : error LNK2019: 无法解析的外部符号 __imp_HttpAddRequestHeadersW，函数 "public: static bool __cdecl google_breakpad::HTTPUpload::SendRequest(class std::basic_string<wchar_t,struct std::char_traits<wchar_t>,class std::allocator<wchar_t> > const &,class std::map<class std::basic_string<wchar_t,struct std::char_traits<wchar_t>,class std::allocator<wchar_t> >,class std::basic_string<wchar_t,struct std::char_traits<wchar_t>,class std::allocator<wchar_t> >,struct std::less<class std::basic_string<wchar_t,struct std::char_traits<wchar_t>,class std::allocator<wchar_t> > >,class std::allocator<struct std::pair<class std::basic_string<wchar_t,struct std::char_traits<wchar_t>,class std::allocator<wchar_t> > const ,class std::basic_string<wchar_t,struct std::char_traits<wchar_t>,class std::allocator<wchar_t> > > > > const &,class std::basic_string<wchar_t,struct std::char_traits<wchar_t>,class std::allocator<wchar_t> > const &,class std::basic_string<wchar_t,struct std::char_traits<wchar_t>,class std::allocator<wchar_t> > const &,int *,class std::basic_string<wchar_t,struct std::char_traits<wchar_t>,class std::allocator<wchar_t> > *,int *)" (?SendRequest@HTTPUpload@google_breakpad@@SA_NAEBV?$basic_string@_WU?$char_traits@_W@std@@V?$allocator@_W@2@@std@@AEBV?$map@V?$basic_string@_WU?$char_traits@_W@std@@V?$allocator@_W@2@@std@@V12@U?$less@V?$basic_string@_WU?$char_traits@_W@std@@V?$allocator@_W@2@@std@@@2@V?$allocator@U?$pair@$$CBV?$basic_string@_WU?$char_traits@_W@std@@V?$allocator@_W@2@@std@@V12@@std@@@2@@4@00PEAHPEAV34@2@Z) 中引用了该符号
http_upload.obj : error LNK2019: 无法解析的外部符号 __imp_HttpSendRequestW，函数 "public: static bool __cdecl google_breakpad::HTTPUpload::SendRequest(class std::basic_string<wchar_t,struct std::char_traits<wchar_t>,class std::allocator<wchar_t> > const &,class std::map<class std::basic_string<wchar_t,struct std::char_traits<wchar_t>,class std::allocator<wchar_t> >,class std::basic_string<wchar_t,struct std::char_traits<wchar_t>,class std::allocator<wchar_t> >,struct std::less<class std::basic_string<wchar_t,struct std::char_traits<wchar_t>,class std::allocator<wchar_t> > >,class std::allocator<struct std::pair<class std::basic_string<wchar_t,struct std::char_traits<wchar_t>,class std::allocator<wchar_t> > const ,class std::basic_string<wchar_t,struct std::char_traits<wchar_t>,class std::allocator<wchar_t> > > > > const &,class std::basic_string<wchar_t,struct std::char_traits<wchar_t>,class std::allocator<wchar_t> > const &,class std::basic_string<wchar_t,struct std::char_traits<wchar_t>,class std::allocator<wchar_t> > const &,int *,class std::basic_string<wchar_t,struct std::char_traits<wchar_t>,class std::allocator<wchar_t> > *,int *)" (?SendRequest@HTTPUpload@google_breakpad@@SA_NAEBV?$basic_string@_WU?$char_traits@_W@std@@V?$allocator@_W@2@@std@@AEBV?$map@V?$basic_string@_WU?$char_traits@_W@std@@V?$allocator@_W@2@@std@@V12@U?$less@V?$basic_string@_WU?$char_traits@_W@std@@V?$allocator@_W@2@@std@@@2@V?$allocator@U?$pair@$$CBV?$basic_string@_WU?$char_traits@_W@std@@V?$allocator@_W@2@@std@@V12@@std@@@2@@4@00PEAHPEAV34@2@Z) 中引用了该符号
http_upload.obj : error LNK2019: 无法解析的外部符号 __imp_HttpQueryInfoW，函数 "private: static bool __cdecl google_breakpad::HTTPUpload::ReadResponse(void *,class std::basic_string<wchar_t,struct std::char_traits<wchar_t>,class std::allocator<wchar_t> > *)" (?ReadResponse@HTTPUpload@google_breakpad@@CA_NPEAXPEAV?$basic_string@_WU?$char_traits@_W@std@@V?$allocator@_W@2@@std@@@Z) 中引用了该符号
pdb_source_line_writer.obj : error LNK2001: 无法解析的外部符号 CLSID_DiaSource
apple_remote_auth.obj : error LNK2019: 无法解析的外部符号 EVP_EncodeBlock，函数 "public: void __cdecl ABI::internal::AppleRemoteAuth::GenerateAuthRS(struct ABI::internal::RemoteDeviceInfo,class std::basic_string<char,struct std::char_traits<char>,class std::allocator<char> > const &)" (?GenerateAuthRS@AppleRemoteAuth@internal@ABI@@QEAAXURemoteDeviceInfo@23@AEBV?$basic_string@DU?$char_traits@D@std@@V?$allocator@D@2@@std@@@Z) 中引用了该符号
register_new.obj : error LNK2001: 无法解析的外部符号 EVP_EncodeBlock
itunes_client_interface.obj : error LNK2001: 无法解析的外部符号 EVP_EncodeBlock
apple_remote_auth.obj : error LNK2019: 无法解析的外部符号 EVP_DecodeBlock，函数 "public: struct ABI::internal::RemoteDeviceInfo __cdecl ABI::internal::AppleRemoteAuth::AnalysisDeviceParam(class std::basic_string<char,struct std::char_traits<char>,class std::allocator<char> >)" (?AnalysisDeviceParam@AppleRemoteAuth@internal@ABI@@QEAA?AURemoteDeviceInfo@23@V?$basic_string@DU?$char_traits@D@std@@V?$allocator@D@2@@std@@@Z) 中引用了该符号
apple_device_auth.obj : error LNK2001: 无法解析的外部符号 EVP_DecodeBlock
register_new.obj : error LNK2001: 无法解析的外部符号 EVP_DecodeBlock
itunes_client_interface.obj : error LNK2001: 无法解析的外部符号 EVP_DecodeBlock
apple_remote_auth.obj : error LNK2019: 无法解析的外部符号 "unsigned long __cdecl VerifyAfsyncRq_8(unsigned long,unsigned char *,unsigned long,unsigned char *,unsigned long)" (?VerifyAfsyncRq_8@@YAKKPEAEK0K@Z)，函数 "public: void __cdecl ABI::internal::RSKeyGen::GenRS(struct Int64Make *,unsigned __int64,unsigned char *,unsigned long,unsigned char *,unsigned long,bool)" (?GenRS@RSKeyGen@internal@ABI@@QEAAXPEAUInt64Make@@_KPEAEK2K_N@Z) 中引用了该符号
apple_device_auth.obj : error LNK2001: 无法解析的外部符号 "unsigned long __cdecl VerifyAfsyncRq_8(unsigned long,unsigned char *,unsigned long,unsigned char *,unsigned long)" (?VerifyAfsyncRq_8@@YAKKPEAEK0K@Z)
apple_remote_auth.obj : error LNK2019: 无法解析的外部符号 "unsigned long __cdecl GeneratePrivateKey_8(unsigned long,unsigned char *,unsigned long,void *,__int64 *,unsigned long,unsigned long *)" (?GeneratePrivateKey_8@@YAKKPEAEKPEAXPEA_JKPEAK@Z)，函数 "public: void __cdecl ABI::internal::RSKeyGen::GenRS(struct Int64Make *,unsigned __int64,unsigned char *,unsigned long,unsigned char *,unsigned long,bool)" (?GenRS@RSKeyGen@internal@ABI@@QEAAXPEAUInt64Make@@_KPEAEK2K_N@Z) 中引用了该符号
apple_remote_auth.obj : error LNK2019: 无法解析的外部符号 "unsigned long __cdecl SetAfSyncRq_8(unsigned long,char const *,unsigned long,char const *,unsigned long)" (?SetAfSyncRq_8@@YAKKPEBDK0K@Z)，函数 "public: void __cdecl ABI::internal::RSKeyGen::GenRS(struct Int64Make *,unsigned __int64,unsigned char *,unsigned long,unsigned char *,unsigned long,bool)" (?GenRS@RSKeyGen@internal@ABI@@QEAAXPEAUInt64Make@@_KPEAEK2K_N@Z) 中引用了该符号
apple_remote_auth.obj : error LNK2019: 无法解析的外部符号 "unsigned long __cdecl ParseAfsyncRq_8(unsigned long,void *,unsigned long,char const *,unsigned long,char const * *,unsigned long *)" (?ParseAfsyncRq_8@@YAKKPEAXKPEBDKPEAPEBDPEAK@Z)，函数 "public: void __cdecl ABI::internal::RSKeyGen::GenRS(struct Int64Make *,unsigned __int64,unsigned char *,unsigned long,unsigned char *,unsigned long,bool)" (?GenRS@RSKeyGen@internal@ABI@@QEAAXPEAUInt64Make@@_KPEAEK2K_N@Z) 中引用了该符号
apple_remote_auth.obj : error LNK2019: 无法解析的外部符号 "unsigned long __cdecl AuthKeyByDSID_8(unsigned long,unsigned long,unsigned long,unsigned long,unsigned long)" (?AuthKeyByDSID_8@@YAKKKKKK@Z)，函数 "public: void __cdecl ABI::internal::RSKeyGen::GenRS(struct Int64Make *,unsigned __int64,unsigned char *,unsigned long,unsigned char *,unsigned long,bool)" (?GenRS@RSKeyGen@internal@ABI@@QEAAXPEAUInt64Make@@_KPEAEK2K_N@Z) 中引用了该符号
apple_remote_auth.obj : error LNK2019: 无法解析的外部符号 "unsigned long __cdecl GenerateAfSyncRs_8(unsigned long,char const * *,unsigned long *,char const * *,unsigned long *)" (?GenerateAfSyncRs_8@@YAKKPEAPEBDPEAK01@Z)，函数 "public: void __cdecl ABI::internal::RSKeyGen::GenRS(struct Int64Make *,unsigned __int64,unsigned char *,unsigned long,unsigned char *,unsigned long,bool)" (?GenRS@RSKeyGen@internal@ABI@@QEAAXPEAUInt64Make@@_KPEAEK2K_N@Z) 中引用了该符号
apple_remote_auth.obj : error LNK2019: 无法解析的外部符号 "unsigned long __cdecl GenerateKbsyncID(unsigned long,char const *,char const *)" (?GenerateKbsyncID@@YAKKPEBD0@Z)，函数 "public: void __cdecl ABI::internal::RSKeyGen::GenRS(struct Int64Make *,unsigned __int64,unsigned char *,unsigned long,unsigned char *,unsigned long,bool)" (?GenRS@RSKeyGen@internal@ABI@@QEAAXPEAUInt64Make@@_KPEAEK2K_N@Z) 中引用了该符号
apple_device_auth.obj : error LNK2001: 无法解析的外部符号 "unsigned long __cdecl GenerateKbsyncID(unsigned long,char const *,char const *)" (?GenerateKbsyncID@@YAKKPEBD0@Z)
itunes_client_interface.obj : error LNK2001: 无法解析的外部符号 "unsigned long __cdecl GenerateKbsyncID(unsigned long,char const *,char const *)" (?GenerateKbsyncID@@YAKKPEBD0@Z)
D:\zhoujunhe\aid\lib\libeay32.lib : warning LNK4272: 库计算机类型“x86”与目标计算机类型“x64”冲突
D:\zhoujunhe\aid\lib\ssleay32.lib : warning LNK4272: 库计算机类型“x86”与目标计算机类型“x64”冲突
D:\zhoujunhe\aid\lib\wininet.lib : warning LNK4272: 库计算机类型“x86”与目标计算机类型“x64”冲突
D:\zhoujunhe\aid\lib\diaguids.lib : warning LNK4272: 库计算机类型“x86”与目标计算机类型“x64”冲突
D:\zhoujunhe\aid\x64\Debug\aiddll.dll : fatal error LNK1120: 24 个无法解析的外部命令
